
Importing Y:\Altium Projects\Camera Powersupply\PDNAnalyzer_Output\Camera Powersupply Board\Regulator Simulation\odb.tgz... [Sat Mar 21 23:42:03 2020]
============================================================
Reading ODB++ database ...

file not found: odb/misc/info.Z
Reading file odb/matrix/matrix...
Reading file odb/steps/pcb/profile...
Reading file odb/symbols/oval19.685x39.3701_188/features...
Reading file odb/symbols/oval19.685x55.1181_188/features...
Reading file odb/symbols/oval27.685x47.3701_188/features...
Reading file odb/symbols/oval27.685x63.1181_188/features...
Reading file odb/symbols/rect37.4016x33.4646_8/features...
Reading file odb/symbols/rect45.4016x41.4646_8/features...
Reading file odb/symbols/rect66.9291x98.4252_188/features...
Reading file odb/symbols/rect74.9291x106.4252_188/features...
Reading file odb/symbols/rect82.6772x59.0551xr14.7638_188/features...
Reading file odb/symbols/rect82.6772x59.0551xr14.7638_278/features...
Reading file odb/symbols/rect90.6772x67.0551xr18.7638_188/features...
Reading file odb/symbols/rect90.6772x67.0551xr18.7638_278/features...
Reading file odb/symbols/s47.2441_188/features...
Reading file odb/symbols/s55.2441_188/features...
Reading file odb/symbols/s8_8/features...
Reading file odb/steps/pcb/eda/data...
Origin of ODB++ database:  Altium Designer file - Version 1.0.0.30000
WARNING: Ignoring I(12 time(s))
eda data: 24 packages, 28 nets.
Reading file odb/steps/pcb/layers/top_solder/features...
221 SWHs on layer TOP_SOLDER

Reading file odb/steps/pcb/layers/top_layer/features...
795 SWHs on layer TOP_LAYER

Reading file odb/steps/pcb/layers/bottom_layer/features...
311 SWHs on layer BOTTOM_LAYER

Reading file odb/steps/pcb/layers/bottom_solder/features...
46 SWHs on layer BOTTOM_SOLDER

Added substrate layer SUBSTRATE-1 below etch layer TOP_LAYER
Reading file odb/steps/pcb/layers/top_solder/attrlist...
Reading file odb/steps/pcb/layers/top_layer/attrlist...
Reading file odb/steps/pcb/layers/bottom_layer/attrlist...
Reading file odb/steps/pcb/layers/bottom_solder/attrlist...
WARNING: material values were set to default due to missing information for the following layers:  'TOP_SOLDER', 'TOP_LAYER', 'BOTTOM_LAYER', 'BOTTOM_SOLDER'
parsing drills TOP_LAYER-BOTTOM_LAYER
Reading file odb/steps/pcb/layers/drill/features...
Reading file odb/steps/pcb/layers/comp_+_top/components...
WARNING: didn't find pad for pin PDNA_PIN_M_1 from component M3_IS2, place pin on component side
['bottom_solder', 'top_solder', 'drill'] [] (944.881799999999998362909536809, 3024.60629999999991923687048256)
WARNING: didn't find pad for pin PDNA_PIN_M_2 from component M3_IS2, place pin on component side
['bottom_solder', 'top_solder', 'drill'] [] (944.881799999999998362909536809, 3149.60629999999991923687048256)
WARNING: didn't find pad for pin PDNA_PIN_M_1 from component M3_IS1, place pin on component side
['bottom_solder', 'top_solder', 'drill'] [] (2874.01589999999987412593327463, 3024.60629999999991923687048256)
WARNING: didn't find pad for pin PDNA_PIN_M_2 from component M3_IS1, place pin on component side
['bottom_solder', 'top_solder', 'drill'] [] (2874.01589999999987412593327463, 3149.60629999999991923687048256)
WARNING: didn't find pad for pin PDNA_PIN_M_1 from component M2, place pin on component side
['bottom_solder', 'top_solder', 'drill'] [] (395.830800000000010641088010743, 1470.79230000000006839400157332)
WARNING: didn't find pad for pin PDNA_PIN_M_2 from component M2, place pin on component side
['bottom_solder', 'top_solder', 'drill'] [] (272.047300000000007003109203652, 1488.18889999999987594492267817)
WARNING: didn't find pad for pin PDNA_PIN_M_1 from component M1, place pin on component side
['bottom_solder', 'top_solder', 'drill'] [] (490.319000000000016825651982799, 2128.27259999999978390405885875)
WARNING: didn't find pad for pin PDNA_PIN_M_2 from component M1, place pin on component side
['bottom_solder', 'top_solder', 'drill'] [] (366.535500000000013187673175707, 2145.66919999999981882865540683)
INFO: 55 duplicate vertices ignored
========================================
INFO: Created CSV file (Y:\Altium Projects\Camera Powersupply\PDNAnalyzer_Output\Camera Powersupply Board\Regulator Simulation\Results\tmp\design.csv) with component properties extracted from ODB++ file.
========================================
========================================
Lumped-element import (Y:\Altium Projects\Camera Powersupply\PDNAnalyzer_Output\Camera Powersupply Board\Regulator Simulation\Results\tmp\design.csv)...
Detected ' ; ' as separator.

Value-string translations:
	0.068_F ->  68.0 fF (C)
	0.1_F ->  100.0 fF (C)
	0_Ohms ->  0.0 Ohms (R)
	1.1_kOhms ->  1.1 Ohms (R)
	1.9_H ->  1.9 nH (L)
	100_F ->  100.0 pF (C)
	10_F ->  10.0 pF (C)
	10_Ohms ->  10.0 Ohms (R)
	10_kOhms ->  10.0 Ohms (R)
	15_H ->  15.000000000000002 nH (L)
	180_F ->  180.0 pF (C)
	2200pF ->  2.1999999999999997 nF (C)
	22_F ->  22.0 pF (C)
	22_H ->  22.0 nH (L)
	22pF ->  22.0 pF (C)
	3.83_kOhms ->  3.83 Ohms (R)
	4.7_F ->  4.7 pF (C)
	4.7_kOhms ->  4.7 Ohms (R)
	422_kOhms ->  422.0 Ohms (R)
	470nH ->  470.0 nH (L)
	560_Ohms ->  560.0 Ohms (R)
	820_F ->  820.0 pF (C)
WARNING: unphysical value: 0.0 Ohms
========================================
WARNING: There were some warnings while importing the auto-generated CSV-file 'Y:\Altium Projects\Camera Powersupply\PDNAnalyzer_Output\Camera Powersupply Board\Regulator Simulation\Results\tmp\design.csv'. Please review the auto-generated file under Parts Editor->Load (csv).
========================================
Unifying library padstacks...
Finished reading database.
============================================================
